<?xml version="1.0" encoding="UTF-8"?>
<!-- Generated by org.testng.reporters.JUnitXMLReporter -->
<testsuite hostname="Ritwik-2285-QA" ignored="0" name="test" tests="15" failures="0" timestamp="31 Aug 2021 13:25:47 GMT" time="823.472" errors="0">
  <testcase name="verifyShoppingCartDetailsArePresent" time="2.667" classname="DemoMidTrans.TestCases"/>
  <testcase name="verifyClickingOnBuyNowUserGetsRedirectedToCheckoutPopUp" time="2.423" classname="DemoMidTrans.TestCases"/>
  <testcase name="verifyCustomerDetailsArePresent" time="2.788" classname="DemoMidTrans.TestCases"/>
  <testcase name="verifyUserCanEnterCustomerDetails" time="5.53" classname="DemoMidTrans.TestCases"/>
  <testcase name="verifyUserRedirectsToOrderSummaryPopUpOnClickingCheckoutButton" time="62.869" classname="DemoMidTrans.TestCases"/>
  <testcase name="verifyProductOrderDetailsOnOrderSummaryPopUpPage" time="63.001" classname="DemoMidTrans.TestCases"/>
  <testcase name="verifyUserGetsRedirectedToSelectPaymentPageOnClickingContinueInOrderSummaryPage" time="64.993" classname="DemoMidTrans.TestCases"/>
  <testcase name="verifyAllThePaymentOptionsAreListedOnSelectPaymentPage" time="65.526" classname="DemoMidTrans.TestCases"/>
  <testcase name="verifyUserGetsRedirectedToCreditDebitCardDetailsScreen" time="67.142" classname="DemoMidTrans.TestCases"/>
  <testcase name="verifyClickingOnCouponCodesAndValidatingOrderAmount" time="74.633" classname="DemoMidTrans.TestCases"/>
  <testcase name="verifyEnteringValidCardDetailsAndClickingOnPayNow" time="71.792" classname="DemoMidTrans.TestCases"/>
  <testcase name="verifyDetailsOnBankPaymentScreen" time="72.054" classname="DemoMidTrans.TestCases"/>
  <testcase name="verifyOnClickingOnOkButtonUserGetsRedirectedToOrderSuccessfulScreen" time="78.771" classname="DemoMidTrans.TestCases"/>
  <testcase name="verifyOnGivingInvalidPasswordUserGetsRedirectedToOrderFailScreen" time="77.304" classname="DemoMidTrans.TestCases"/>
  <testcase name="verifyOnClickingCancelUserGetsRedirectedToOrderFailScreen" time="77.181" classname="DemoMidTrans.TestCases"/>
</testsuite> <!-- test -->
